<?xml version="1.0" encoding="UTF-8"?>
<testsuite xmlns:xsi="http://www.w3.org/2001/XMLSchema-instance" xsi:noNamespaceSchemaLocation="https://maven.apache.org/surefire/maven-surefire-plugin/xsd/surefire-test-report-3.0.xsd" version="3.0" name="TestSuite" time="14.864" tests="20" errors="0" skipped="0" failures="20">
  <properties>
    <property name="sun.desktop" value="windows"/>
    <property name="awt.toolkit" value="sun.awt.windows.WToolkit"/>
    <property name="file.encoding.pkg" value="sun.io"/>
    <property name="java.specification.version" value="1.8"/>
    <property name="sun.cpu.isalist" value="amd64"/>
    <property name="sun.jnu.encoding" value="Cp1252"/>
    <property name="java.class.path" value="C:\Users\KIIT\Desktop\Hackathon_06\target\test-classes;C:\Users\KIIT\Desktop\Hackathon_06\target\classes;C:\Users\KIIT\.m2\repository\junit\junit\3.8.1\junit-3.8.1.jar;C:\Users\KIIT\.m2\repository\org\testng\testng\6.14.3\testng-6.14.3.jar;C:\Users\KIIT\.m2\repository\com\beust\jcommander\1.72\jcommander-1.72.jar;C:\Users\KIIT\.m2\repository\org\apache-extras\beanshell\bsh\2.0b6\bsh-2.0b6.jar;C:\Users\KIIT\.m2\repository\org\seleniumhq\selenium\selenium-java\3.141.59\selenium-java-3.141.59.jar;C:\Users\KIIT\.m2\repository\org\seleniumhq\selenium\selenium-api\3.141.59\selenium-api-3.141.59.jar;C:\Users\KIIT\.m2\repository\org\seleniumhq\selenium\selenium-chrome-driver\3.141.59\selenium-chrome-driver-3.141.59.jar;C:\Users\KIIT\.m2\repository\org\seleniumhq\selenium\selenium-edge-driver\3.141.59\selenium-edge-driver-3.141.59.jar;C:\Users\KIIT\.m2\repository\org\seleniumhq\selenium\selenium-firefox-driver\3.141.59\selenium-firefox-driver-3.141.59.jar;C:\Users\KIIT\.m2\repository\org\seleniumhq\selenium\selenium-ie-driver\3.141.59\selenium-ie-driver-3.141.59.jar;C:\Users\KIIT\.m2\repository\org\seleniumhq\selenium\selenium-opera-driver\3.141.59\selenium-opera-driver-3.141.59.jar;C:\Users\KIIT\.m2\repository\org\seleniumhq\selenium\selenium-remote-driver\3.141.59\selenium-remote-driver-3.141.59.jar;C:\Users\KIIT\.m2\repository\org\seleniumhq\selenium\selenium-safari-driver\3.141.59\selenium-safari-driver-3.141.59.jar;C:\Users\KIIT\.m2\repository\net\bytebuddy\byte-buddy\1.8.15\byte-buddy-1.8.15.jar;C:\Users\KIIT\.m2\repository\org\apache\commons\commons-exec\1.3\commons-exec-1.3.jar;C:\Users\KIIT\.m2\repository\com\google\guava\guava\25.0-jre\guava-25.0-jre.jar;C:\Users\KIIT\.m2\repository\com\google\code\findbugs\jsr305\1.3.9\jsr305-1.3.9.jar;C:\Users\KIIT\.m2\repository\org\checkerframework\checker-compat-qual\2.0.0\checker-compat-qual-2.0.0.jar;C:\Users\KIIT\.m2\repository\com\google\errorprone\error_prone_annotations\2.1.3\error_prone_annotations-2.1.3.jar;C:\Users\KIIT\.m2\repository\com\google\j2objc\j2objc-annotations\1.1\j2objc-annotations-1.1.jar;C:\Users\KIIT\.m2\repository\org\codehaus\mojo\animal-sniffer-annotations\1.14\animal-sniffer-annotations-1.14.jar;C:\Users\KIIT\.m2\repository\com\squareup\okhttp3\okhttp\3.11.0\okhttp-3.11.0.jar;C:\Users\KIIT\.m2\repository\com\squareup\okio\okio\1.14.0\okio-1.14.0.jar;C:\Users\KIIT\.m2\repository\org\seleniumhq\selenium\selenium-support\3.0.1\selenium-support-3.0.1.jar;C:\Users\KIIT\.m2\repository\com\google\api-client\google-api-client\1.22.0\google-api-client-1.22.0.jar;C:\Users\KIIT\.m2\repository\com\google\oauth-client\google-oauth-client\1.22.0\google-oauth-client-1.22.0.jar;C:\Users\KIIT\.m2\repository\com\google\http-client\google-http-client\1.22.0\google-http-client-1.22.0.jar;C:\Users\KIIT\.m2\repository\com\google\http-client\google-http-client-jackson2\1.22.0\google-http-client-jackson2-1.22.0.jar;C:\Users\KIIT\.m2\repository\com\fasterxml\jackson\core\jackson-core\2.1.3\jackson-core-2.1.3.jar;C:\Users\KIIT\.m2\repository\com\google\guava\guava-jdk5\17.0\guava-jdk5-17.0.jar;C:\Users\KIIT\.m2\repository\com\aventstack\extentreports\3.1.5\extentreports-3.1.5.jar;C:\Users\KIIT\.m2\repository\org\freemarker\freemarker\2.3.23\freemarker-2.3.23.jar;C:\Users\KIIT\.m2\repository\org\mongodb\mongodb-driver\3.3.0\mongodb-driver-3.3.0.jar;C:\Users\KIIT\.m2\repository\org\mongodb\bson\3.3.0\bson-3.3.0.jar;C:\Users\KIIT\.m2\repository\org\mongodb\mongodb-driver-core\3.3.0\mongodb-driver-core-3.3.0.jar;C:\Users\KIIT\.m2\repository\org\apache\httpcomponents\httpclient\4.5.2\httpclient-4.5.2.jar;C:\Users\KIIT\.m2\repository\org\apache\httpcomponents\httpcore\4.4.4\httpcore-4.4.4.jar;C:\Users\KIIT\.m2\repository\commons-logging\commons-logging\1.2\commons-logging-1.2.jar;C:\Users\KIIT\.m2\repository\org\apache\httpcomponents\httpmime\4.5.2\httpmime-4.5.2.jar;C:\Users\KIIT\.m2\repository\org\jsoup\jsoup\1.9.2\jsoup-1.9.2.jar;C:\Users\KIIT\.m2\repository\com\google\code\gson\gson\2.8.0\gson-2.8.0.jar;C:\Users\KIIT\.m2\repository\org\apache\poi\poi-ooxml\4.1.1\poi-ooxml-4.1.1.jar;C:\Users\KIIT\.m2\repository\org\apache\poi\poi-ooxml-schemas\4.1.1\poi-ooxml-schemas-4.1.1.jar;C:\Users\KIIT\.m2\repository\org\apache\xmlbeans\xmlbeans\3.1.0\xmlbeans-3.1.0.jar;C:\Users\KIIT\.m2\repository\org\apache\commons\commons-compress\1.19\commons-compress-1.19.jar;C:\Users\KIIT\.m2\repository\com\github\virtuald\curvesapi\1.06\curvesapi-1.06.jar;C:\Users\KIIT\.m2\repository\org\apache\poi\poi\4.1.1\poi-4.1.1.jar;C:\Users\KIIT\.m2\repository\commons-codec\commons-codec\1.13\commons-codec-1.13.jar;C:\Users\KIIT\.m2\repository\org\apache\commons\commons-collections4\4.4\commons-collections4-4.4.jar;C:\Users\KIIT\.m2\repository\org\apache\commons\commons-math3\3.6.1\commons-math3-3.6.1.jar;C:\Users\KIIT\.m2\repository\org\apache\commons\commons-text\1.8\commons-text-1.8.jar;C:\Users\KIIT\.m2\repository\org\apache\commons\commons-lang3\3.9\commons-lang3-3.9.jar;C:\Users\KIIT\.m2\repository\commons-io\commons-io\1.3.2\commons-io-1.3.2.jar;"/>
    <property name="java.vm.vendor" value="Oracle Corporation"/>
    <property name="sun.arch.data.model" value="64"/>
    <property name="user.variant" value=""/>
    <property name="java.vendor.url" value="http://java.oracle.com/"/>
    <property name="user.timezone" value="Asia/Calcutta"/>
    <property name="java.vm.specification.version" value="1.8"/>
    <property name="os.name" value="Windows 10"/>
    <property name="user.country" value="US"/>
    <property name="sun.java.launcher" value="SUN_STANDARD"/>
    <property name="sun.boot.library.path" value="C:\Program Files\Java\jdk1.8.0_171\jre\bin"/>
    <property name="sun.java.command" value="C:\Users\KIIT\AppData\Local\Temp\surefire7435340276487673190\surefirebooter8154483519799800514.jar C:\Users\KIIT\AppData\Local\Temp\surefire7435340276487673190 2020-10-31T18-20-49_718-jvmRun1 surefire8063255603394920320tmp surefire_04603000589067584562tmp"/>
    <property name="surefire.test.class.path" value="C:\Users\KIIT\Desktop\Hackathon_06\target\test-classes;C:\Users\KIIT\Desktop\Hackathon_06\target\classes;C:\Users\KIIT\.m2\repository\junit\junit\3.8.1\junit-3.8.1.jar;C:\Users\KIIT\.m2\repository\org\testng\testng\6.14.3\testng-6.14.3.jar;C:\Users\KIIT\.m2\repository\com\beust\jcommander\1.72\jcommander-1.72.jar;C:\Users\KIIT\.m2\repository\org\apache-extras\beanshell\bsh\2.0b6\bsh-2.0b6.jar;C:\Users\KIIT\.m2\repository\org\seleniumhq\selenium\selenium-java\3.141.59\selenium-java-3.141.59.jar;C:\Users\KIIT\.m2\repository\org\seleniumhq\selenium\selenium-api\3.141.59\selenium-api-3.141.59.jar;C:\Users\KIIT\.m2\repository\org\seleniumhq\selenium\selenium-chrome-driver\3.141.59\selenium-chrome-driver-3.141.59.jar;C:\Users\KIIT\.m2\repository\org\seleniumhq\selenium\selenium-edge-driver\3.141.59\selenium-edge-driver-3.141.59.jar;C:\Users\KIIT\.m2\repository\org\seleniumhq\selenium\selenium-firefox-driver\3.141.59\selenium-firefox-driver-3.141.59.jar;C:\Users\KIIT\.m2\repository\org\seleniumhq\selenium\selenium-ie-driver\3.141.59\selenium-ie-driver-3.141.59.jar;C:\Users\KIIT\.m2\repository\org\seleniumhq\selenium\selenium-opera-driver\3.141.59\selenium-opera-driver-3.141.59.jar;C:\Users\KIIT\.m2\repository\org\seleniumhq\selenium\selenium-remote-driver\3.141.59\selenium-remote-driver-3.141.59.jar;C:\Users\KIIT\.m2\repository\org\seleniumhq\selenium\selenium-safari-driver\3.141.59\selenium-safari-driver-3.141.59.jar;C:\Users\KIIT\.m2\repository\net\bytebuddy\byte-buddy\1.8.15\byte-buddy-1.8.15.jar;C:\Users\KIIT\.m2\repository\org\apache\commons\commons-exec\1.3\commons-exec-1.3.jar;C:\Users\KIIT\.m2\repository\com\google\guava\guava\25.0-jre\guava-25.0-jre.jar;C:\Users\KIIT\.m2\repository\com\google\code\findbugs\jsr305\1.3.9\jsr305-1.3.9.jar;C:\Users\KIIT\.m2\repository\org\checkerframework\checker-compat-qual\2.0.0\checker-compat-qual-2.0.0.jar;C:\Users\KIIT\.m2\repository\com\google\errorprone\error_prone_annotations\2.1.3\error_prone_annotations-2.1.3.jar;C:\Users\KIIT\.m2\repository\com\google\j2objc\j2objc-annotations\1.1\j2objc-annotations-1.1.jar;C:\Users\KIIT\.m2\repository\org\codehaus\mojo\animal-sniffer-annotations\1.14\animal-sniffer-annotations-1.14.jar;C:\Users\KIIT\.m2\repository\com\squareup\okhttp3\okhttp\3.11.0\okhttp-3.11.0.jar;C:\Users\KIIT\.m2\repository\com\squareup\okio\okio\1.14.0\okio-1.14.0.jar;C:\Users\KIIT\.m2\repository\org\seleniumhq\selenium\selenium-support\3.0.1\selenium-support-3.0.1.jar;C:\Users\KIIT\.m2\repository\com\google\api-client\google-api-client\1.22.0\google-api-client-1.22.0.jar;C:\Users\KIIT\.m2\repository\com\google\oauth-client\google-oauth-client\1.22.0\google-oauth-client-1.22.0.jar;C:\Users\KIIT\.m2\repository\com\google\http-client\google-http-client\1.22.0\google-http-client-1.22.0.jar;C:\Users\KIIT\.m2\repository\com\google\http-client\google-http-client-jackson2\1.22.0\google-http-client-jackson2-1.22.0.jar;C:\Users\KIIT\.m2\repository\com\fasterxml\jackson\core\jackson-core\2.1.3\jackson-core-2.1.3.jar;C:\Users\KIIT\.m2\repository\com\google\guava\guava-jdk5\17.0\guava-jdk5-17.0.jar;C:\Users\KIIT\.m2\repository\com\aventstack\extentreports\3.1.5\extentreports-3.1.5.jar;C:\Users\KIIT\.m2\repository\org\freemarker\freemarker\2.3.23\freemarker-2.3.23.jar;C:\Users\KIIT\.m2\repository\org\mongodb\mongodb-driver\3.3.0\mongodb-driver-3.3.0.jar;C:\Users\KIIT\.m2\repository\org\mongodb\bson\3.3.0\bson-3.3.0.jar;C:\Users\KIIT\.m2\repository\org\mongodb\mongodb-driver-core\3.3.0\mongodb-driver-core-3.3.0.jar;C:\Users\KIIT\.m2\repository\org\apache\httpcomponents\httpclient\4.5.2\httpclient-4.5.2.jar;C:\Users\KIIT\.m2\repository\org\apache\httpcomponents\httpcore\4.4.4\httpcore-4.4.4.jar;C:\Users\KIIT\.m2\repository\commons-logging\commons-logging\1.2\commons-logging-1.2.jar;C:\Users\KIIT\.m2\repository\org\apache\httpcomponents\httpmime\4.5.2\httpmime-4.5.2.jar;C:\Users\KIIT\.m2\repository\org\jsoup\jsoup\1.9.2\jsoup-1.9.2.jar;C:\Users\KIIT\.m2\repository\com\google\code\gson\gson\2.8.0\gson-2.8.0.jar;C:\Users\KIIT\.m2\repository\org\apache\poi\poi-ooxml\4.1.1\poi-ooxml-4.1.1.jar;C:\Users\KIIT\.m2\repository\org\apache\poi\poi-ooxml-schemas\4.1.1\poi-ooxml-schemas-4.1.1.jar;C:\Users\KIIT\.m2\repository\org\apache\xmlbeans\xmlbeans\3.1.0\xmlbeans-3.1.0.jar;C:\Users\KIIT\.m2\repository\org\apache\commons\commons-compress\1.19\commons-compress-1.19.jar;C:\Users\KIIT\.m2\repository\com\github\virtuald\curvesapi\1.06\curvesapi-1.06.jar;C:\Users\KIIT\.m2\repository\org\apache\poi\poi\4.1.1\poi-4.1.1.jar;C:\Users\KIIT\.m2\repository\commons-codec\commons-codec\1.13\commons-codec-1.13.jar;C:\Users\KIIT\.m2\repository\org\apache\commons\commons-collections4\4.4\commons-collections4-4.4.jar;C:\Users\KIIT\.m2\repository\org\apache\commons\commons-math3\3.6.1\commons-math3-3.6.1.jar;C:\Users\KIIT\.m2\repository\org\apache\commons\commons-text\1.8\commons-text-1.8.jar;C:\Users\KIIT\.m2\repository\org\apache\commons\commons-lang3\3.9\commons-lang3-3.9.jar;C:\Users\KIIT\.m2\repository\commons-io\commons-io\1.3.2\commons-io-1.3.2.jar;"/>
    <property name="sun.cpu.endian" value="little"/>
    <property name="user.home" value="C:\Users\KIIT"/>
    <property name="user.language" value="en"/>
    <property name="java.specification.vendor" value="Oracle Corporation"/>
    <property name="java.home" value="C:\Program Files\Java\jdk1.8.0_171\jre"/>
    <property name="basedir" value="C:\Users\KIIT\Desktop\Hackathon_06"/>
    <property name="file.separator" value="\"/>
    <property name="line.separator" value="&#10;"/>
    <property name="java.vm.specification.vendor" value="Oracle Corporation"/>
    <property name="java.specification.name" value="Java Platform API Specification"/>
    <property name="java.awt.graphicsenv" value="sun.awt.Win32GraphicsEnvironment"/>
    <property name="surefire.real.class.path" value="C:\Users\KIIT\AppData\Local\Temp\surefire7435340276487673190\surefirebooter8154483519799800514.jar"/>
    <property name="sun.boot.class.path" value="C:\Program Files\Java\jdk1.8.0_171\jre\lib\resources.jar;C:\Program Files\Java\jdk1.8.0_171\jre\lib\rt.jar;C:\Program Files\Java\jdk1.8.0_171\jre\lib\sunrsasign.jar;C:\Program Files\Java\jdk1.8.0_171\jre\lib\jsse.jar;C:\Program Files\Java\jdk1.8.0_171\jre\lib\jce.jar;C:\Program Files\Java\jdk1.8.0_171\jre\lib\charsets.jar;C:\Program Files\Java\jdk1.8.0_171\jre\lib\jfr.jar;C:\Program Files\Java\jdk1.8.0_171\jre\classes"/>
    <property name="user.script" value=""/>
    <property name="sun.management.compiler" value="HotSpot 64-Bit Tiered Compilers"/>
    <property name="java.runtime.version" value="1.8.0_171-b11"/>
    <property name="user.name" value="1606511"/>
    <property name="path.separator" value=";"/>
    <property name="os.version" value="10.0"/>
    <property name="java.endorsed.dirs" value="C:\Program Files\Java\jdk1.8.0_171\jre\lib\endorsed"/>
    <property name="java.runtime.name" value="Java(TM) SE Runtime Environment"/>
    <property name="file.encoding" value="Cp1252"/>
    <property name="java.vm.name" value="Java HotSpot(TM) 64-Bit Server VM"/>
    <property name="localRepository" value="C:\Users\KIIT\.m2\repository"/>
    <property name="java.vendor.url.bug" value="http://bugreport.sun.com/bugreport/"/>
    <property name="java.io.tmpdir" value="C:\Users\KIIT\AppData\Local\Temp\"/>
    <property name="java.version" value="1.8.0_171"/>
    <property name="user.dir" value="C:\Users\KIIT\Desktop\Hackathon_06"/>
    <property name="os.arch" value="amd64"/>
    <property name="java.vm.specification.name" value="Java Virtual Machine Specification"/>
    <property name="java.awt.printerjob" value="sun.awt.windows.WPrinterJob"/>
    <property name="sun.os.patch.level" value=""/>
    <property name="java.library.path" value="C:\Program Files\Java\jdk1.8.0_171\jre\bin;C:\WINDOWS\Sun\Java\bin;C:\WINDOWS\system32;C:\WINDOWS;C:/Program Files/Java/jdk1.8.0_171/bin/../jre/bin/server;C:/Program Files/Java/jdk1.8.0_171/bin/../jre/bin;C:/Program Files/Java/jdk1.8.0_171/bin/../jre/lib/amd64;C:\oraclexe\app\oracle\product\11.2.0\server\bin;C:\Program Files\Java\jdk1.8.0_171\bin;C:\Program Files\Java\jre1.8.0_171\lib;C:\Program Files (x86)\Common Files\Oracle\Java\javapath;C:\Windows\system32;C:\Windows;C:\Windows\System32\Wbem;C:\Windows\System32\WindowsPowerShell\v1.0\;C:\Program Files (x86)\NVIDIA Corporation\PhysX\Common;C:\Program Files\Condusiv Technologies\ExpressCache\;C:\WINDOWS\system32;C:\WINDOWS;C:\WINDOWS\System32\Wbem;C:\WINDOWS\System32\WindowsPowerShell\v1.0\;C:\WINDOWS\System32\OpenSSH\;C:\Program Files (x86)\Intel\Intel(R) Management Engine Components\DAL;C:\Program Files\Intel\Intel(R) Management Engine Components\DAL;C:\Program Files\Intel\WiFi\bin\;C:\Program Files\Common Files\Intel\WirelessCommon\;C:\Program Files\Java\jre1.8.0_171\bin;C:\Program Files\Java\jdk1.8.0_171\lib;C:\Program Files\NVIDIA Corporation\NVIDIA NvDLISR;C:\Users\KIIT\Anaconda3\Scripts;C:\Program Files\Git\cmd;C:\Users\KIIT\Documents\CognizantWorkspace\apache-maven-3.6.3\bin;C:\Users\KIIT\AppData\Local\Programs\Python\Python36\Scripts\;C:\Users\KIIT\AppData\Local\Programs\Python\Python36\;C:\Users\KIIT\AppData\Local\Microsoft\WindowsApps;C:\Program Files\Intel\WiFi\bin\;C:\Program Files\Common Files\Intel\WirelessCommon\;C:\Users\KIIT\AppData\Local\Programs\Microsoft VS Code\bin;C:\Users\KIIT\Documents\CognizantWorkspace\eclipse;;."/>
    <property name="java.vm.info" value="mixed mode"/>
    <property name="java.vendor" value="Oracle Corporation"/>
    <property name="java.vm.version" value="25.171-b11"/>
    <property name="java.ext.dirs" value="C:\Program Files\Java\jdk1.8.0_171\jre\lib\ext;C:\WINDOWS\Sun\Java\lib\ext"/>
    <property name="sun.io.unicode.encoding" value="UnicodeLittle"/>
    <property name="java.class.version" value="52.0"/>
  </properties>
  <testcase name="TestScenarioThree" classname="com_hackathon_test.HotelBooking" time="3.028">
    <failure type="java.lang.NullPointerException"><![CDATA[java.lang.NullPointerException
	at com_hackathon_test.HotelBooking.TestScenarioThree(HotelBooking.java:19)
]]></failure>
    <system-err><![CDATA[Oct 31, 2020 6:20:53 PM org.openqa.selenium.remote.DesiredCapabilities chrome
INFO: Using `new ChromeOptions()` is preferred to `DesiredCapabilities.chrome()`
Oct 31, 2020 6:20:53 PM org.openqa.selenium.remote.DesiredCapabilities firefox
INFO: Using `new FirefoxOptions()` is preferred to `DesiredCapabilities.firefox()`
Oct 31, 2020 6:20:53 PM org.openqa.selenium.remote.DesiredCapabilities chrome
INFO: Using `new ChromeOptions()` is preferred to `DesiredCapabilities.chrome()`
]]></system-err>
  </testcase>
  <testcase name="testScenarioTwo[1000, 6, john gopes, john@gmail.com, 1231231231, Suezeka nohara, sugdfgdf.com, sugdfgdf.com, 8909876780](1)" classname="com_hackathon_test.GroupGifting" time="3.03">
    <failure type="java.lang.NullPointerException"><![CDATA[java.lang.NullPointerException
	at com_hackathon_test.GroupGifting.testScenarioTwo(GroupGifting.java:20)
]]></failure>
  </testcase>
  <testcase name="testScenarioTwo[3000, 4, Shivani Sinha, abc@gmail.com, 6786781231, Nobita ghosh, .com, sugdfgdf.com, 8909812380](2)" classname="com_hackathon_test.GroupGifting" time="0.035">
    <failure type="java.lang.NullPointerException"><![CDATA[java.lang.NullPointerException
	at com_hackathon_test.GroupGifting.testScenarioTwo(GroupGifting.java:20)
]]></failure>
    <system-err><![CDATA[Oct 31, 2020 6:20:57 PM org.openqa.selenium.remote.DesiredCapabilities chrome
INFO: Using `new ChromeOptions()` is preferred to `DesiredCapabilities.chrome()`
]]></system-err>
  </testcase>
  <testcase name="testScenarioTwo[4000, 10, Kizzi basu, kaz@gmail.com, 4343231231, Dorera Hasina, gh@g.com, ab, 8909876780](3)" classname="com_hackathon_test.GroupGifting" time="0.023">
    <failure type="java.lang.NullPointerException"><![CDATA[java.lang.NullPointerException
	at com_hackathon_test.GroupGifting.testScenarioTwo(GroupGifting.java:20)
]]></failure>
    <system-err><![CDATA[Oct 31, 2020 6:20:58 PM org.openqa.selenium.remote.DesiredCapabilities chrome
INFO: Using `new ChromeOptions()` is preferred to `DesiredCapabilities.chrome()`
]]></system-err>
  </testcase>
  <testcase name="testScenarioTwo[5000, 5, james Christopher Loius, jamen@gmail.com, 9997876761, Eleana Criuise, eele, e@g.com, 8909876780](4)" classname="com_hackathon_test.GroupGifting" time="1.003">
    <failure type="java.lang.NullPointerException"><![CDATA[java.lang.NullPointerException
	at com_hackathon_test.GroupGifting.testScenarioTwo(GroupGifting.java:20)
]]></failure>
    <system-err><![CDATA[Oct 31, 2020 6:20:58 PM org.openqa.selenium.remote.DesiredCapabilities chrome
INFO: Using `new ChromeOptions()` is preferred to `DesiredCapabilities.chrome()`
]]></system-err>
  </testcase>
  <testcase name="testScenarioTwo[2000, 2, Mexi Columbus, max@gmail.com, 9831231231, Malica jenry, ..com, asgfjom, 0](5)" classname="com_hackathon_test.GroupGifting" time="1.019">
    <failure type="java.lang.NullPointerException"><![CDATA[java.lang.NullPointerException
	at com_hackathon_test.GroupGifting.testScenarioTwo(GroupGifting.java:20)
]]></failure>
  </testcase>
  <testcase name="testScenarioTwo[1000, 6, Brownn gopes, gopes@gmail.com, 9931231231, Yuzeka nohara, dfgdf.com, s, 8909876780](6)" classname="com_hackathon_test.GroupGifting" time="0.018">
    <failure type="java.lang.NullPointerException"><![CDATA[java.lang.NullPointerException
	at com_hackathon_test.GroupGifting.testScenarioTwo(GroupGifting.java:20)
]]></failure>
    <system-err><![CDATA[Oct 31, 2020 6:21:01 PM org.openqa.selenium.remote.DesiredCapabilities chrome
INFO: Using `new ChromeOptions()` is preferred to `DesiredCapabilities.chrome()`
]]></system-err>
  </testcase>
  <testcase name="testScenarioTwo[1000, 6, john gopes, john@gmail.com, 1231231231, Suezeka nohara, sugdfgdf.com, sugdfgdf.com, 8909876780](7)" classname="com_hackathon_test.GroupGifting" time="1.003">
    <failure type="java.lang.NullPointerException"><![CDATA[java.lang.NullPointerException
	at com_hackathon_test.GroupGifting.testScenarioTwo(GroupGifting.java:20)
]]></failure>
    <system-err><![CDATA[Oct 31, 2020 6:21:01 PM org.openqa.selenium.remote.DesiredCapabilities chrome
INFO: Using `new ChromeOptions()` is preferred to `DesiredCapabilities.chrome()`
]]></system-err>
  </testcase>
  <testcase name="testScenarioTwo[1000, 6, john gopes, john@gmail.com, 1231231231, Suezeka nohara, sugdfgdf.com, sugdfgdf.com, 8909876780](8)" classname="com_hackathon_test.GroupGifting" time="1.002">
    <failure type="java.lang.NullPointerException"><![CDATA[java.lang.NullPointerException
	at com_hackathon_test.GroupGifting.testScenarioTwo(GroupGifting.java:20)
]]></failure>
    <system-err><![CDATA[Oct 31, 2020 6:21:02 PM org.openqa.selenium.remote.DesiredCapabilities chrome
INFO: Using `new ChromeOptions()` is preferred to `DesiredCapabilities.chrome()`
]]></system-err>
  </testcase>
  <testcase name="testScenarioTwo[2000, 6, Drohny gopes, dnhn@gmail.com, 2031231231, Hazeka Kafin, sugd, om, 8909876780](9)" classname="com_hackathon_test.GroupGifting" time="1.005">
    <failure type="java.lang.NullPointerException"><![CDATA[java.lang.NullPointerException
	at com_hackathon_test.GroupGifting.testScenarioTwo(GroupGifting.java:20)
]]></failure>
  </testcase>
  <testcase name="testScenarioTwo[1000, 2, Nancy gopes, nan@gmail.com, 9090231231, Priya sinha, yahoo, yahoo, 8909876780](10)" classname="com_hackathon_test.GroupGifting" time="1.016">
    <failure type="java.lang.NullPointerException"><![CDATA[java.lang.NullPointerException
	at com_hackathon_test.GroupGifting.testScenarioTwo(GroupGifting.java:20)
]]></failure>
    <system-err><![CDATA[Oct 31, 2020 6:21:04 PM org.openqa.selenium.remote.DesiredCapabilities chrome
INFO: Using `new ChromeOptions()` is preferred to `DesiredCapabilities.chrome()`
]]></system-err>
  </testcase>
  <testcase name="testScenarioOne[Delhi, Manali, 23/12/2020, 17](1)" classname="com_hackathon_test.CabStationTest" time="3.03">
    <failure type="java.lang.NullPointerException"><![CDATA[java.lang.NullPointerException
	at com_hackathon_test.CabStationTest.testScenarioOne(CabStationTest.java:20)
]]></failure>
  </testcase>
  <testcase name="testScenarioOne[Mumbai, Goa, 23/12/2020, 5](2)" classname="com_hackathon_test.CabStationTest" time="1.037">
    <failure type="java.lang.NullPointerException"><![CDATA[java.lang.NullPointerException
	at com_hackathon_test.CabStationTest.testScenarioOne(CabStationTest.java:20)
]]></failure>
    <system-err><![CDATA[Oct 31, 2020 6:20:56 PM org.openqa.selenium.remote.DesiredCapabilities chrome
INFO: Using `new ChromeOptions()` is preferred to `DesiredCapabilities.chrome()`
Oct 31, 2020 6:20:56 PM org.openqa.selenium.remote.DesiredCapabilities chrome
INFO: Using `new ChromeOptions()` is preferred to `DesiredCapabilities.chrome()`
]]></system-err>
  </testcase>
  <testcase name="testScenarioOne[Nagpur, Pune, 22/12/2020, 7](3)" classname="com_hackathon_test.CabStationTest" time="1.005">
    <failure type="java.lang.NullPointerException"><![CDATA[java.lang.NullPointerException
	at com_hackathon_test.CabStationTest.testScenarioOne(CabStationTest.java:20)
]]></failure>
    <system-err><![CDATA[Oct 31, 2020 6:20:57 PM org.openqa.selenium.remote.DesiredCapabilities chrome
INFO: Using `new ChromeOptions()` is preferred to `DesiredCapabilities.chrome()`
]]></system-err>
  </testcase>
  <testcase name="testScenarioOne[Kolkata, Durgapur, 22/11/2020, 8](4)" classname="com_hackathon_test.CabStationTest" time="0.024">
    <failure type="java.lang.NullPointerException"><![CDATA[java.lang.NullPointerException
	at com_hackathon_test.CabStationTest.testScenarioOne(CabStationTest.java:20)
]]></failure>
    <system-err><![CDATA[Oct 31, 2020 6:20:59 PM org.openqa.selenium.remote.DesiredCapabilities chrome
INFO: Using `new ChromeOptions()` is preferred to `DesiredCapabilities.chrome()`
]]></system-err>
  </testcase>
  <testcase name="testScenarioOne[Chennai, Coimbatore, 3/12/2020, 18](5)" classname="com_hackathon_test.CabStationTest" time="1.019">
    <failure type="java.lang.NullPointerException"><![CDATA[java.lang.NullPointerException
	at com_hackathon_test.CabStationTest.testScenarioOne(CabStationTest.java:20)
]]></failure>
    <system-err><![CDATA[Oct 31, 2020 6:20:59 PM org.openqa.selenium.remote.DesiredCapabilities chrome
INFO: Using `new ChromeOptions()` is preferred to `DesiredCapabilities.chrome()`
]]></system-err>
  </testcase>
  <testcase name="testScenarioOne[Kerala, Coimbatore, 27/12/2020, 3](6)" classname="com_hackathon_test.CabStationTest" time="1.019">
    <failure type="java.lang.NullPointerException"><![CDATA[java.lang.NullPointerException
	at com_hackathon_test.CabStationTest.testScenarioOne(CabStationTest.java:20)
]]></failure>
    <system-err><![CDATA[Oct 31, 2020 6:21:00 PM org.openqa.selenium.remote.DesiredCapabilities chrome
INFO: Using `new ChromeOptions()` is preferred to `DesiredCapabilities.chrome()`
Oct 31, 2020 6:21:00 PM org.openqa.selenium.remote.DesiredCapabilities chrome
INFO: Using `new ChromeOptions()` is preferred to `DesiredCapabilities.chrome()`
]]></system-err>
  </testcase>
  <testcase name="testScenarioOne[Delhi, Haryana, 2/1/2021, 9](7)" classname="com_hackathon_test.CabStationTest" time="0.03">
    <failure type="java.lang.NullPointerException"><![CDATA[java.lang.NullPointerException
	at com_hackathon_test.CabStationTest.testScenarioOne(CabStationTest.java:20)
]]></failure>
    <system-err><![CDATA[Oct 31, 2020 6:21:02 PM org.openqa.selenium.remote.DesiredCapabilities chrome
INFO: Using `new ChromeOptions()` is preferred to `DesiredCapabilities.chrome()`
]]></system-err>
  </testcase>
  <testcase name="testScenarioOne[Kodaikanal, Chennai, 23/12/2020, 9](8)" classname="com_hackathon_test.CabStationTest" time="0">
    <failure type="java.lang.NullPointerException"><![CDATA[java.lang.NullPointerException
	at com_hackathon_test.CabStationTest.testScenarioOne(CabStationTest.java:20)
]]></failure>
    <system-err><![CDATA[Oct 31, 2020 6:21:03 PM org.openqa.selenium.remote.DesiredCapabilities chrome
INFO: Using `new ChromeOptions()` is preferred to `DesiredCapabilities.chrome()`
]]></system-err>
  </testcase>
  <testcase name="testScenarioOne[Kolkata, Delhi, 4/11/2020, 8](9)" classname="com_hackathon_test.CabStationTest" time="1.005">
    <failure type="java.lang.NullPointerException"><![CDATA[java.lang.NullPointerException
	at com_hackathon_test.CabStationTest.testScenarioOne(CabStationTest.java:20)
]]></failure>
    <system-err><![CDATA[Oct 31, 2020 6:21:03 PM org.openqa.selenium.remote.DesiredCapabilities chrome
INFO: Using `new ChromeOptions()` is preferred to `DesiredCapabilities.chrome()`
]]></system-err>
  </testcase>
</testsuite>