<?xml version="1.0" encoding="UTF-8"?>
<!-- Generated by org.testng.reporters.JUnitReportReporter -->
<testsuite skipped="0" hostname="IT1606511" name="com_hackathon_test.HotelBooking" tests="1" failures="0" timestamp="01 Nov 2020 05:31:27 GMT" time="45.669" errors="0">
  <testcase name="TestScenarioThree" time="45.669" classname="com_hackathon_test.HotelBooking"/>
</testsuite> <!-- com_hackathon_test.HotelBooking -->
