<?xml version="1.0" encoding="UTF-8"?>
<!-- Generated by org.testng.reporters.JUnitReportReporter -->
<testsuite skipped="0" hostname="IT1606511" name="com_hackathon_test.CabStationTest" tests="9" failures="0" timestamp="31 Oct 2020 13:54:30 GMT" time="381.560" errors="0">
  <testcase name="testScenarioOne" time="42.664" classname="com_hackathon_test.CabStationTest"/>
  <testcase name="testScenarioOne" time="43.250" classname="com_hackathon_test.CabStationTest"/>
  <testcase name="testScenarioOne" time="40.198" classname="com_hackathon_test.CabStationTest"/>
  <testcase name="testScenarioOne" time="41.184" classname="com_hackathon_test.CabStationTest"/>
  <testcase name="testScenarioOne" time="44.078" classname="com_hackathon_test.CabStationTest"/>
  <testcase name="testScenarioOne" time="37.629" classname="com_hackathon_test.CabStationTest"/>
  <testcase name="testScenarioOne" time="41.781" classname="com_hackathon_test.CabStationTest"/>
  <testcase name="testScenarioOne" time="52.312" classname="com_hackathon_test.CabStationTest"/>
  <testcase name="testScenarioOne" time="38.464" classname="com_hackathon_test.CabStationTest"/>
</testsuite> <!-- com_hackathon_test.CabStationTest -->
